  GEN     /home/ipsis/t72hm/out/Makefile
scripts/kconfig/conf --silentoldconfig Kconfig
cp -f /home/ipsis/t72hm/arch/arm/mach-mt6572/t72hm/dct/dct/pmic_drv.c /home/ipsis/t72hm/out/arch/arm/mach-mt6572/t72hm/dct/dct/pmic_drv.c
  Using /home/ipsis/t72hm as source for kernel
  GEN     /home/ipsis/t72hm/out/Makefile
  CHK     include/generated/uapi/linux/version.h
  CHK     include/generated/utsrelease.h
make[2]: «include/generated/mach-types.h» не требует обновления.
  CALL    /home/ipsis/t72hm/scripts/checksyscalls.sh
  CC      scripts/mod/devicetable-offsets.s
  GEN     scripts/mod/devicetable-offsets.h
  HOSTCC  scripts/mod/file2alias.o
  HOSTLD  scripts/mod/modpost
  CHK     include/generated/compile.h
  CC      arch/arm/mach-mt6572/eint.o
  CC      arch/arm/mach-mt6572/t72hm/core/board.o
  LD      arch/arm/mach-mt6572/t72hm/core/built-in.o
  CC      arch/arm/mach-mt6572/t72hm/dct/dct/pmic_drv.o
  LD      arch/arm/mach-mt6572/t72hm/dct/dct/built-in.o
  CC      arch/arm/mach-mt6572/t72hm/keypad/mtk_kpd_bkl.o
  LD      arch/arm/mach-mt6572/t72hm/keypad/built-in.o
  LD      arch/arm/mach-mt6572/t72hm/built-in.o
  LD      arch/arm/mach-mt6572/built-in.o
  GZIP    kernel/config_data.gz
  CHK     kernel/config_data.h
"CONFIG_TRUSTONIC_TEE_SUPPORT = "
  CC      drivers/misc/mediatek/accdet/accdet_drv.o
  CC      drivers/misc/mediatek/accdet/mt6572/accdet.o
  LD      drivers/misc/mediatek/accdet/mt6572/built-in.o
  LD      drivers/misc/mediatek/accdet/built-in.o
  CC      drivers/misc/mediatek/auxadc/mt_auxadc.o
  CC      drivers/misc/mediatek/auxadc/mt6572/mt_auxadc_hal.o
  LD      drivers/misc/mediatek/auxadc/mt6572/built-in.o
  LD      drivers/misc/mediatek/auxadc/built-in.o
  CC      drivers/misc/mediatek/connectivity/common_detect/wmt_detect_pwr.o
  LD      drivers/misc/mediatek/connectivity/common_detect/built-in.o
  LD      drivers/misc/mediatek/connectivity/built-in.o
  CC      drivers/misc/mediatek/flashlight/src/mt6572/main_strobe_2ndPart_2.o
  CC      drivers/misc/mediatek/flashlight/src/mt6572/sub_strobe_2ndPart_2.o
  CC      drivers/misc/mediatek/flashlight/src/mt6572/sub_strobe.o
  LD      drivers/misc/mediatek/flashlight/src/mt6572/built-in.o
  LD      drivers/misc/mediatek/flashlight/src/built-in.o
drivers/misc/mediatek/gpu/mt6572/mali/mali
  CC      drivers/misc/mediatek/keypad/kpd.o
  CC      drivers/misc/mediatek/keypad/mt6572/hal_kpd.o
  LD      drivers/misc/mediatek/keypad/mt6572/built-in.o
  LD      drivers/misc/mediatek/keypad/built-in.o
  CC      drivers/misc/mediatek/lcm/mt65xx_lcm_list.o
  LD      drivers/misc/mediatek/lcm/built-in.o
  CC      drivers/misc/mediatek/mmc-host/mt6572/sd.o
  LD      drivers/misc/mediatek/mmc-host/mt6572/msdc.o
  LD      drivers/misc/mediatek/mmc-host/mt6572/built-in.o
  LD      drivers/misc/mediatek/mmc-host/built-in.o
  CC      drivers/misc/mediatek/power/mt6572/pmic_mt6323.o
  LD      drivers/misc/mediatek/power/mt6572/built-in.o
  LD      drivers/misc/mediatek/power/built-in.o
  CC      drivers/misc/mediatek/uart/mt6572/platform_uart.o
  LD      drivers/misc/mediatek/uart/mt6572/built-in.o
  LD      drivers/misc/mediatek/uart/built-in.o
  CC      drivers/misc/mediatek/usb20/mt6572/usb20.o
  CC      drivers/misc/mediatek/usb20/mt6572/usb20_host.o
  LD      drivers/misc/mediatek/usb20/mt6572/built-in.o
  LD      drivers/misc/mediatek/usb20/built-in.o
  CC      drivers/misc/mediatek/video/mt6572/dsi_drv.o
  LD      drivers/misc/mediatek/video/mt6572/built-in.o
  LD      drivers/misc/mediatek/video/built-in.o
  LD      drivers/misc/mediatek/built-in.o
  LD      drivers/misc/built-in.o
  LD      drivers/built-in.o
  LINK    vmlinux
  LD      vmlinux.o
  MODPOST vmlinux.o
  GEN     .version
  CHK     include/generated/compile.h
  UPD     include/generated/compile.h
  CC      init/version.o
  LD      init/built-in.o
  KSYM    .tmp_kallsyms1.o
  KSYM    .tmp_kallsyms2.o
  LD      vmlinux
  SORTEX  vmlinux
  SYSMAP  System.map
  OBJCOPY arch/arm/boot/Image
  Kernel: arch/arm/boot/Image is ready
  XZKERN  arch/arm/boot/compressed/piggy.xzkern
  AS      arch/arm/boot/compressed/piggy.xzkern.o
  LD      arch/arm/boot/compressed/vmlinux
  OBJCOPY arch/arm/boot/zImage
  Kernel: arch/arm/boot/zImage is ready
